2021-06-25 00:06:01,005 [Worker-4: Loading available Gradle versions] INFO  o.e.b.c.i.u.g.PublishedGradleVersions - Gradle version information cache is up-to-date. Trying to read.
2021-06-25 00:06:45,247 [Worker-8: Updating Maven Dependencies] INFO  o.e.m.c.i.l.LifecycleMappingFactory - Using org.eclipse.m2e.jdt.JarLifecycleMapping lifecycle mapping for MavenProject: org.perscholas:ADModule_CoreJava_KeyProject:0.0.1-SNAPSHOT @ C:\Users\User\eclipse_workspace21\KeyDoor\pom.xml.
2021-06-25 00:06:52,438 [Worker-5: Building] INFO  o.e.m.c.i.l.LifecycleMappingFactory - Using org.eclipse.m2e.jdt.JarLifecycleMapping lifecycle mapping for MavenProject: org.perscholas:jdbc:0.0.1-SNAPSHOT @ C:\Users\User\eclipse_workspace21\BostonJdbc\pom.xml.
2021-06-25 00:06:52,760 [Worker-5: Building] WARN  o.e.m.c.i.embedder.EclipseLogger - Using platform encoding (Cp1252 actually) to copy filtered resources, i.e. build is platform dependent!
2021-06-25 00:06:52,765 [Worker-5: Building] INFO  o.e.m.c.i.embedder.EclipseLogger - skip non existing resourceDirectory C:\Users\User\eclipse_workspace21\BostonJdbc\src\main\resources
2021-06-25 00:06:52,770 [Worker-5: Building] WARN  o.e.m.c.i.embedder.EclipseLogger - Using platform encoding (Cp1252 actually) to copy filtered resources, i.e. build is platform dependent!
2021-06-25 00:06:52,776 [Worker-5: Building] INFO  o.e.m.c.i.embedder.EclipseLogger - skip non existing resourceDirectory C:\Users\User\eclipse_workspace21\BostonJdbc\src\test\resources
2021-06-25 00:06:53,780 [Worker-5: Building] INFO  o.e.m.c.i.l.LifecycleMappingFactory - Using org.eclipse.m2e.jdt.JarLifecycleMapping lifecycle mapping for MavenProject: org.perscholas:jdbc:0.0.1-SNAPSHOT @ C:\Users\User\eclipse_workspace21\BostonJdbc2\pom.xml.
2021-06-25 00:06:53,812 [Worker-5: Building] WARN  o.e.m.c.i.embedder.EclipseLogger - Using platform encoding (Cp1252 actually) to copy filtered resources, i.e. build is platform dependent!
2021-06-25 00:06:53,815 [Worker-5: Building] INFO  o.e.m.c.i.embedder.EclipseLogger - skip non existing resourceDirectory C:\Users\User\eclipse_workspace21\BostonJdbc2\src\main\resources
2021-06-25 00:06:53,817 [Worker-5: Building] WARN  o.e.m.c.i.embedder.EclipseLogger - Using platform encoding (Cp1252 actually) to copy filtered resources, i.e. build is platform dependent!
2021-06-25 00:06:53,820 [Worker-5: Building] INFO  o.e.m.c.i.embedder.EclipseLogger - skip non existing resourceDirectory C:\Users\User\eclipse_workspace21\BostonJdbc2\src\test\resources
2021-06-25 00:06:55,646 [Worker-12: Building] WARN  o.e.m.c.i.embedder.EclipseLogger - Using platform encoding (Cp1252 actually) to copy filtered resources, i.e. build is platform dependent!
2021-06-25 00:06:55,652 [Worker-12: Building] INFO  o.e.m.c.i.embedder.EclipseLogger - skip non existing resourceDirectory C:\Users\User\eclipse_workspace21\BostonJdbc\src\main\resources
2021-06-25 00:06:55,658 [Worker-12: Building] WARN  o.e.m.c.i.embedder.EclipseLogger - Using platform encoding (Cp1252 actually) to copy filtered resources, i.e. build is platform dependent!
2021-06-25 00:06:55,662 [Worker-12: Building] INFO  o.e.m.c.i.embedder.EclipseLogger - skip non existing resourceDirectory C:\Users\User\eclipse_workspace21\BostonJdbc\src\test\resources
2021-06-25 00:06:56,236 [Worker-12: Building] WARN  o.e.m.c.i.embedder.EclipseLogger - Using platform encoding (Cp1252 actually) to copy filtered resources, i.e. build is platform dependent!
2021-06-25 00:06:56,261 [Worker-12: Building] INFO  o.e.m.c.i.embedder.EclipseLogger - skip non existing resourceDirectory C:\Users\User\eclipse_workspace21\BostonJdbc2\src\main\resources
2021-06-25 00:06:56,264 [Worker-12: Building] WARN  o.e.m.c.i.embedder.EclipseLogger - Using platform encoding (Cp1252 actually) to copy filtered resources, i.e. build is platform dependent!
2021-06-25 00:06:56,297 [Worker-12: Building] INFO  o.e.m.c.i.embedder.EclipseLogger - skip non existing resourceDirectory C:\Users\User\eclipse_workspace21\BostonJdbc2\src\test\resources
2021-06-25 00:06:59,362 [Worker-12: Building] WARN  o.e.m.c.i.embedder.EclipseLogger - Using platform encoding (Cp1252 actually) to copy filtered resources, i.e. build is platform dependent!
2021-06-25 00:06:59,367 [Worker-12: Building] INFO  o.e.m.c.i.embedder.EclipseLogger - skip non existing resourceDirectory C:\Users\User\eclipse_workspace21\KeyDoor\src\main\resources
2021-06-25 00:06:59,371 [Worker-12: Building] WARN  o.e.m.c.i.embedder.EclipseLogger - Using platform encoding (Cp1252 actually) to copy filtered resources, i.e. build is platform dependent!
2021-06-25 00:06:59,375 [Worker-12: Building] INFO  o.e.m.c.i.embedder.EclipseLogger - skip non existing resourceDirectory C:\Users\User\eclipse_workspace21\KeyDoor\src\test\resources
